<?xml version="1.0" encoding="UTF-8"?>
<!-- Generated by org.testng.reporters.JUnitXMLReporter -->
<testsuite hostname="LAPTOP-PP7LTPN0" ignored="0" name="EdgeTest" tests="1" failures="1" timestamp="10 Jan 2020 16:18:12 GMT" time="32.918" errors="0">
  <testcase name="verifyInvalidLogin" time="11.741" classname="com.demoaut.newtours.TestScripts.VerifyInvalidLoginTest">
    <failure type="org.openqa.selenium.StaleElementReferenceException" message="The command failed because the specified element reference is stale.
For documentation on this error, please visit: https://www.seleniumhq.org/exceptions/stale_element_reference.html
Build info: version: &amp;apos;3.141.59&amp;apos;, revision: &amp;apos;e82be7d358&amp;apos;, time: &amp;apos;2018-11-14T08:25:48&amp;apos;
System info: host: &amp;apos;LAPTOP-PP7LTPN0&amp;apos;, ip: &amp;apos;192.168.0.105&amp;apos;, os.name: &amp;apos;Windows 10&amp;apos;, os.arch: &amp;apos;amd64&amp;apos;, os.version: &amp;apos;10.0&amp;apos;, java.version: &amp;apos;1.8.0_201&amp;apos;
Driver info: org.openqa.selenium.edge.EdgeDriver
Capabilities {acceptInsecureCerts: false, browserName: MicrosoftEdge, browserVersion: 44.18362.449.0, javascriptEnabled: true, pageLoadStrategy: normal, platform: WINDOWS, platformName: WINDOWS, proxy: Proxy(), setWindowRect: false, timeouts: {implicit: 0, pageLoad: 300000, script: 30000}}
Session ID: 0E5B4C93-DAC0-4E83-9DB3-5CCF65900E14">
      <![CDATA[org.openqa.selenium.StaleElementReferenceException: The command failed because the specified element reference is stale.
For documentation on this error, please visit: https://www.seleniumhq.org/exceptions/stale_element_reference.html
Build info: version: '3.141.59', revision: 'e82be7d358', time: '2018-11-14T08:25:48'
System info: host: 'LAPTOP-PP7LTPN0', ip: '192.168.0.105', os.name: 'Windows 10', os.arch: 'amd64', os.version: '10.0', java.version: '1.8.0_201'
Driver info: org.openqa.selenium.edge.EdgeDriver
Capabilities {acceptInsecureCerts: false, browserName: MicrosoftEdge, browserVersion: 44.18362.449.0, javascriptEnabled: true, pageLoadStrategy: normal, platform: WINDOWS, platformName: WINDOWS, proxy: Proxy(), setWindowRect: false, timeouts: {implicit: 0, pageLoad: 300000, script: 30000}}
Session ID: 0E5B4C93-DAC0-4E83-9DB3-5CCF65900E14
at org.openqa.selenium.remote.http.W3CHttpResponseCodec.createException(W3CHttpResponseCodec.java:187)
at org.openqa.selenium.remote.http.W3CHttpResponseCodec.decode(W3CHttpResponseCodec.java:122)
at org.openqa.selenium.remote.http.W3CHttpResponseCodec.decode(W3CHttpResponseCodec.java:49)
at org.openqa.selenium.remote.HttpCommandExecutor.execute(HttpCommandExecutor.java:158)
at org.openqa.selenium.remote.service.DriverCommandExecutor.execute(DriverCommandExecutor.java:83)
at org.openqa.selenium.remote.RemoteWebDriver.execute(RemoteWebDriver.java:552)
at org.openqa.selenium.remote.RemoteWebElement.execute(RemoteWebElement.java:285)
at org.openqa.selenium.remote.RemoteWebElement.clear(RemoteWebElement.java:124)
at org.openqa.selenium.support.pagefactory.internal.LocatingElementHandler.invoke(LocatingElementHandler.java:51)
at com.sun.proxy.$Proxy10.clear(Unknown Source)
at com.demoaut.newtours.Pages.Login.applicationLogin(Login.java:22)
at com.demoaut.newtours.TestScripts.VerifyInvalidLoginTest.verifyInvalidLogin(VerifyInvalidLoginTest.java:56)
... Removed 33 stack frames]]>
    </failure>
  </testcase> <!-- verifyInvalidLogin -->
</testsuite> <!-- EdgeTest -->
